<?xml version="1.0" encoding="UTF-8"?>
<!-- Generated by org.testng.reporters.JUnitReportReporter -->
<testsuite hostname="DESKTOP-3T17BOV" failures="0" tests="6" name="api.testcases.DDTest" time="8.251" errors="0" timestamp="2024-05-06T07:33:58 IST" skipped="0">
  <testcase classname="api.testcases.DDTest" name="testPostUser" time="1.151"/>
  <testcase classname="api.testcases.DDTest" name="testPostUser" time="1.174"/>
  <testcase classname="api.testcases.DDTest" name="testPostUser" time="2.430"/>
  <testcase classname="api.testcases.DDTest" name="testDeleteUserByName" time="1.165"/>
  <testcase classname="api.testcases.DDTest" name="testDeleteUserByName" time="1.174"/>
  <testcase classname="api.testcases.DDTest" name="testDeleteUserByName" time="1.157"/>
</testsuite> <!-- api.testcases.DDTest -->
