<?xml version="1.0" encoding="UTF-8"?>
<!-- Generated by org.testng.reporters.JUnitReportReporter -->
<testsuite hostname="DESKTOP-3T17BOV" failures="0" tests="4" name="api.testcases.UserTests" time="7.062" errors="0" timestamp="2024-05-06T08:35:29 IST" skipped="0">
  <testcase classname="api.testcases.UserTests" name="testPostUser" time="2.448"/>
  <testcase classname="api.testcases.UserTests" name="testGetUserByName" time="1.145"/>
  <testcase classname="api.testcases.UserTests" name="testUpdateUserByName" time="2.300"/>
  <testcase classname="api.testcases.UserTests" name="testDeleteUserByName" time="1.169"/>
</testsuite> <!-- api.testcases.UserTests -->
