<?xml version="1.0" encoding="UTF-8"?>
<!-- Generated by org.testng.reporters.JUnitReportReporter -->
<testsuite hostname="DESKTOP-3T17BOV" failures="0" tests="6" name="api.testcases.DDTest" time="8.369" errors="0" timestamp="2024-05-06T09:18:40 IST" skipped="0">
  <testcase classname="api.testcases.DDTest" name="testPostUser" time="1.160"/>
  <testcase classname="api.testcases.DDTest" name="testPostUser" time="2.550"/>
  <testcase classname="api.testcases.DDTest" name="testPostUser" time="1.153"/>
  <testcase classname="api.testcases.DDTest" name="testDeleteUserByName" time="1.165"/>
  <testcase classname="api.testcases.DDTest" name="testDeleteUserByName" time="1.148"/>
  <testcase classname="api.testcases.DDTest" name="testDeleteUserByName" time="1.193"/>
</testsuite> <!-- api.testcases.DDTest -->
